Case #1: -1
Case #2: 13 1 1 1 1 1 1 2 2 3 5 5 7 11
Case #3: 18 1 1 1 1 1 1 1 1 1 1 1 1 2 2 2 5 5 13
Case #4: 18 1 1 1 1 1 1 1 1 1 1 2 2 2 3 5 5 5 7
Case #5: 16 1 1 1 1 2 2 2 2 2 3 3 3 3 5 5 5
Case #6: 15 1 1 1 1 1 2 2 2 2 3 3 3 5 7 7
Case #7: 18 1 1 1 1 1 2 2 2 2 2 2 2 2 2 3 3 5 7
Case #8: -1
Case #9: -1
Case #10: 19 1 1 1 1 1 1 1 1 1 2 2 2 2 3 3 3 5 5 5
Case #11: 16 1 1 1 1 1 1 1 1 2 2 2 2 2 3 3 17
Case #12: 23 1 1 1 1 1 1 1 1 1 1 1 2 2 2 2 2 2 2 2 3 3 3 5
Case #13: 14 1 1 1 1 1 2 2 2 3 5 5 5 5 7
Case #14: -1
Case #15: 14 1 1 1 1 1 1 1 2 3 3 3 5 5 13
Case #16: 37 1 1 1 1 1 1 1 1 1 1 1 1 1 1 1 1 1 1 1 1 1 1 1 1 1 1 1 1 1 1 1 1 1 1 1 3 3
Case #17: 21 1 1 1 1 1 1 1 1 1 1 1 1 1 1 2 2 3 5 5 5 5
Case #18: -1
Case #19: -1
Case #20: 17 1 1 1 1 1 2 2 2 2 2 2 3 3 3 5 5 5
Case #21: 19 1 1 1 1 1 1 2 2 2 2 2 2 3 3 3 3 3 3 5
Case #22: 14 1 1 1 1 1 2 2 2 2 2 3 3 3 17
Case #23: -1
Case #24: 14 1 1 1 1 1 1 1 2 3 3 5 5 5 11
Case #25: 11 1 1 2 2 2 2 2 2 3 11 13
Case #26: 17 1 1 1 1 1 1 1 1 1 1 1 2 2 3 5 5 13
Case #27: 12 1 1 1 2 2 2 2 2 3 5 7 13
Case #28: 16 1 1 1 1 1 1 2 2 2 2 2 3 3 3 5 11
Case #29: 24 1 1 1 1 1 1 1 1 1 1 1 1 1 2 2 2 2 2 2 2 2 2 5 5
Case #30: -1
Case #31: 19 1 1 1 1 1 1 1 1 2 2 2 2 3 3 3 3 3 5 5
Case #32: 21 1 1 1 1 1 1 1 1 1 1 1 1 2 2 2 2 2 2 3 7 7
Case #33: 14 1 1 1 2 3 3 3 3 3 3 3 3 5 7
Case #34: 21 1 1 1 1 1 1 1 1 1 1 2 2 2 2 2 2 2 2 2 2 11
Case #35: 18 1 1 1 1 2 2 2 2 2 2 2 2 2 2 2 3 5 7
Case #36: 15 1 1 1 1 2 2 2 2 2 2 3 3 5 7 7
Case #37: -1
Case #38: 9 1 1 2 2 2 2 3 5 23
Case #39: 18 1 1 1 1 1 1 1 1 1 2 2 2 3 3 3 5 5 7
Case #40: 16 1 1 1 2 2 2 2 2 2 2 2 2 3 3 7 7
Case #41: 19 1 1 1 1 1 1 1 1 1 1 1 2 2 2 2 2 2 5 13
Case #42: -1
Case #43: -1
Case #44: 22 1 1 1 1 1 1 1 1 1 1 1 1 1 1 2 2 2 3 3 3 5 7
Case #45: 18 1 1 1 1 1 1 1 1 1 2 2 2 2 2 3 3 3 13
Case #46: 18 1 1 1 1 1 1 1 2 2 2 2 2 3 3 3 3 5 7
Case #47: 18 1 1 1 1 1 1 1 2 2 2 3 3 3 3 3 3 5 5
Case #48: 19 1 1 1 1 1 1 1 1 1 2 2 2 2 2 2 3 5 5 7
Case #49: 26 1 1 1 1 1 1 1 1 1 1 1 1 1 1 1 1 2 2 2 2 2 3 3 3 3 3
Case #50: -1
Case #51: 14 1 1 1 1 1 1 2 2 2 3 3 5 7 11
Case #52: 12 1 1 2 2 2 3 5 5 5 5 5 5
Case #53: 20 1 1 1 1 1 1 1 1 1 1 2 2 2 2 2 2 2 3 3 11
Case #54: -1
Case #55: 18 1 1 1 1 1 1 2 2 2 2 2 2 2 3 3 5 5 5
Case #56: 19 1 1 1 1 1 2 2 2 2 2 2 2 2 3 3 3 3 3 5
Case #57: -1
Case #58: 25 1 1 1 1 1 1 1 1 1 1 1 1 1 1 1 2 2 2 2 2 2 3 3 3 5
Case #59: 22 1 1 1 1 1 1 1 1 1 1 1 2 2 2 2 2 2 2 2 2 5 7
Case #60: 24 1 1 1 1 1 1 1 1 1 1 1 1 2 2 2 2 2 2 2 3 3 3 3 3
Case #61: 20 1 1 1 1 1 1 1 1 2 2 2 2 2 3 3 3 3 3 3 5
Case #62: 13 1 1 1 1 1 1 1 1 1 1 5 7 19
Case #63: 26 1 1 1 1 1 1 1 1 1 1 1 1 1 1 1 1 2 2 2 2 2 2 2 2 2 7
Case #64: 31 1 1 1 1 1 1 1 1 1 1 1 1 1 1 1 1 1 1 1 1 1 1 1 1 1 1 2 2 2 2 7
Case #65: 25 1 1 1 1 1 1 1 1 1 1 1 1 1 1 1 1 1 1 2 2 2 2 5 5 5
Case #66: 33 1 1 1 1 1 1 1 1 1 1 1 1 1 1 1 1 1 1 1 1 1 1 1 1 1 1 1 1 2 2 2 2 5
Case #67: -1
Case #68: 14 1 1 1 2 2 2 3 3 3 3 3 5 5 7
Case #69: 14 1 1 1 1 2 2 2 2 2 2 2 5 5 13
Case #70: -1
Case #71: -1
Case #72: -1
Case #73: 25 1 1 1 1 1 1 1 1 1 1 1 1 1 1 1 1 1 1 1 3 3 3 3 3 7
Case #74: 35 1 1 1 1 1 1 1 1 1 1 1 1 1 1 1 1 1 1 1 1 1 1 1 1 1 1 1 1 1 1 1 1 2 2 5
Case #75: -1
Case #76: 13 1 1 1 1 1 1 1 1 1 1 1 1 29
Case #77: 13 1 1 1 1 2 2 2 2 2 2 3 5 17
Case #78: 26 1 1 1 1 1 1 1 1 1 1 1 1 1 1 1 1 2 2 2 2 2 2 2 3 3 5
Case #79: 25 1 1 1 1 1 1 1 1 1 1 1 1 1 1 1 2 2 2 2 2 2 2 2 5 5
Case #80: 36 1 1 1 1 1 1 1 1 1 1 1 1 1 1 1 1 1 1 1 1 1 1 1 1 1 1 1 1 1 1 1 1 1 1 2 5
Case #81: 26 1 1 1 1 1 1 1 1 1 1 1 1 1 1 1 1 1 1 1 2 3 3 3 3 3 5
Case #82: 18 1 1 1 1 1 1 1 1 1 2 2 2 2 2 2 2 5 13
Case #83: -1
Case #84: 19 1 1 1 1 1 1 1 1 1 1 1 1 1 2 2 2 2 3 17
Case #85: 19 1 1 1 1 1 1 1 1 1 1 2 2 2 2 3 3 5 5 7
Case #86: 15 1 1 1 1 2 2 3 3 3 3 3 3 3 5 7
Case #87: 29 1 1 1 1 1 1 1 1 1 1 1 1 1 1 1 1 1 1 1 1 1 1 1 1 1 1 5 5 5
Case #88: 27 1 1 1 1 1 1 1 1 1 1 1 1 1 1 1 1 1 1 1 1 1 1 1 1 3 3 11
Case #89: 19 1 1 1 1 1 1 1 2 2 2 2 2 2 2 2 3 5 5 5
Case #90: 37 1 1 1 1 1 1 1 1 1 1 1 1 1 1 1 1 1 1 1 1 1 1 1 1 1 1 1 1 1 1 1 1 1 1 1 1 5
Case #91: -1
Case #92: 27 1 1 1 1 1 1 1 1 1 1 1 1 1 1 1 2 2 2 2 2 2 2 2 2 2 3 3
Case #93: 16 1 1 1 1 1 2 2 2 3 3 3 3 3 3 5 7
Case #94: 21 1 1 1 1 1 1 1 1 1 2 2 2 2 2 2 2 2 3 3 5 5
Case #95: 15 1 1 1 1 2 2 2 2 2 2 2 2 3 7 11
Case #96: 17 1 1 1 1 1 1 1 1 1 2 2 3 3 5 5 5 7
Case #97: -1
Case #98: -1
Case #99: 21 1 1 1 1 1 1 1 2 2 2 2 2 2 2 2 2 2 2 2 3 7
Case #100: 18 1 1 1 1 1 1 1 1 1 1 2 2 2 3 3 5 7 7
Case #101: 21 1 1 1 1 1 1 1 1 1 1 1 1 1 2 2 2 2 3 3 3 11
Case #102: 17 1 1 1 2 2 2 2 2 2 2 2 3 3 3 3 5 5
Case #103: 27 1 1 1 1 1 1 1 1 1 1 1 1 1 1 1 1 1 1 1 2 2 2 2 2 2 5 5
Case #104: -1
Case #105: 16 1 1 1 1 1 1 1 2 2 2 2 2 3 3 7 11
Case #106: 22 1 1 1 1 1 1 1 1 1 1 1 1 1 1 1 1 1 1 1 1 2 19
Case #107: 23 1 1 1 1 1 1 1 1 1 1 1 1 1 1 1 1 1 1 2 2 3 3 13
Case #108: 26 1 1 1 1 1 1 1 1 1 1 1 1 1 1 1 2 2 2 2 2 2 2 2 2 3 5
Case #109: 14 1 1 1 1 2 2 2 2 2 2 2 3 7 13
Case #110: 18 1 1 1 1 1 1 2 2 2 2 2 3 3 3 3 3 5 5
Case #111: -1
Case #112: 28 1 1 1 1 1 1 1 1 1 1 1 1 1 1 1 1 1 1 1 2 2 2 2 2 3 3 3 3
Case #113: -1
Case #114: 17 1 1 1 1 1 1 1 1 1 1 2 2 3 5 5 7 7
Case #115: 35 1 1 1 1 1 1 1 1 1 1 1 1 1 1 1 1 1 1 1 1 1 1 1 1 1 1 1 1 1 1 1 1 1 3 5
Case #116: 5 1 1 3 17 19
Case #117: 18 1 1 1 1 1 1 1 2 2 2 2 2 2 2 3 5 5 7
Case #118: -1
Case #119: 27 1 1 1 1 1 1 1 1 1 1 1 1 1 1 1 1 1 1 1 1 1 1 1 1 1 5 11
Case #120: 22 1 1 1 1 1 1 1 1 1 1 1 1 1 2 2 2 2 2 3 3 5 7
Case #121: 21 1 1 1 1 1 1 1 1 1 1 2 2 2 2 3 3 3 3 3 3 5
Case #122: 29 1 1 1 1 1 1 1 1 1 1 1 1 1 1 1 1 1 1 1 1 1 1 2 2 2 2 2 2 7
Case #123: 14 1 1 1 2 2 2 2 2 3 3 5 5 5 7
Case #124: 20 1 1 1 1 1 1 1 2 2 2 2 2 3 3 3 3 3 3 3 3
Case #125: -1
Case #126: 21 1 1 1 1 2 2 2 2 2 2 2 2 2 2 2 2 2 2 3 3 3
Case #127: 19 1 1 1 1 1 1 1 1 1 1 2 2 2 2 2 2 5 7 7
Case #128: 25 1 1 1 1 1 1 1 1 1 1 1 1 1 1 1 1 1 1 1 1 1 1 1 5 13
Case #129: -1
Case #130: 22 1 1 1 1 1 1 1 1 1 1 2 2 2 2 2 2 2 3 3 3 3 5
Case #131: 21 1 1 1 1 1 1 1 1 1 1 2 2 2 2 2 2 3 3 3 5 5
Case #132: 18 1 1 1 1 1 2 2 2 2 2 2 2 2 2 3 5 5 5
Case #133: 14 1 1 1 1 1 1 2 3 3 3 5 5 7 7
Case #134: -1
Case #135: -1
Case #136: 13 1 1 1 1 1 2 2 2 2 3 3 5 17
Case #137: 15 1 1 1 1 2 2 2 2 2 2 5 5 5 5 5
Case #138: 30 1 1 1 1 1 1 1 1 1 1 1 1 1 1 1 1 1 1 1 1 1 1 2 2 2 2 2 2 2 5
Case #139: 13 1 1 1 1 1 2 2 3 3 3 5 5 13
Case #140: -1
Case #141: 17 1 1 1 1 1 1 2 2 2 2 3 3 3 3 5 5 5
Case #142: 15 1 1 1 1 1 1 1 1 1 1 1 1 1 5 23
Case #143: 24 1 1 1 1 1 1 1 1 1 1 1 1 1 1 1 1 1 2 3 3 3 3 5 5
Case #144: -1
Case #145: 15 1 1 1 1 1 1 1 1 1 2 2 2 2 5 19
Case #146: 28 1 1 1 1 1 1 1 1 1 1 1 1 1 1 1 1 1 1 1 1 1 1 1 1 1 1 2 13
Case #147: -1
Case #148: -1
Case #149: 24 1 1 1 1 1 1 1 1 1 1 1 1 1 1 1 1 2 2 2 2 2 5 5 5
Case #150: 17 1 1 1 1 1 1 1 1 1 2 2 3 3 3 5 7 7
Case #151: 31 1 1 1 1 1 1 1 1 1 1 1 1 1 1 1 1 1 1 1 1 1 1 1 1 1 1 1 2 2 3 7
Case #152: 20 1 1 1 1 1 1 1 1 1 1 1 2 2 2 2 2 3 3 7 7
Case #153: 4 1 1 2 37
Case #154: 9 1 1 1 1 1 1 2 2 31
Case #155: 15 1 1 1 1 1 2 2 2 2 2 2 2 2 3 17
Case #156: -1
Case #157: 19 1 1 1 1 1 1 1 2 2 2 2 3 3 3 3 3 3 3 5
Case #158: 22 1 1 1 1 1 1 1 1 1 1 1 1 1 1 2 2 2 2 2 5 5 7
Case #159: -1
Case #160: 15 1 1 1 1 1 1 1 1 2 2 3 3 5 7 11
Case #161: 25 1 1 1 1 1 1 1 1 1 1 1 1 1 1 1 1 1 1 1 1 1 3 3 7 7
Case #162: -1
Case #163: 18 1 1 1 1 1 1 2 2 2 2 2 2 2 2 2 3 3 11
Case #164: 30 1 1 1 1 1 1 1 1 1 1 1 1 1 1 1 1 1 1 1 1 1 1 1 1 1 1 2 3 3 7
Case #165: 17 1 1 1 1 1 1 1 1 1 1 1 2 2 3 3 3 17
Case #166: 18 1 1 1 1 1 1 1 1 1 1 1 2 2 2 3 3 5 13
Case #167: 10 1 1 1 1 2 2 2 3 11 17
Case #168: 13 1 1 1 2 2 2 2 3 3 3 3 5 13
Case #169: 16 1 1 1 1 1 2 2 2 2 2 3 3 3 5 5 7
Case #170: 11 1 1 1 2 2 2 2 3 3 11 13
Case #171: 25 1 1 1 1 1 1 1 1 1 1 1 1 1 1 1 1 1 2 2 2 2 3 3 3 7
Case #172: -1
Case #173: -1
Case #174: 12 1 1 2 2 2 2 2 3 5 5 5 11
Case #175: 12 1 1 1 1 1 2 2 2 3 3 5 19
Case #176: 16 1 1 1 1 1 1 2 2 2 3 3 3 3 3 7 7
Case #177: -1
Case #178: 18 1 1 1 1 1 1 2 2 2 2 2 2 2 2 2 5 5 7
Case #179: 20 1 1 1 1 1 1 1 1 1 2 2 2 2 2 2 2 3 5 5 5
Case #180: 16 1 1 1 1 1 1 1 2 2 2 3 3 3 3 5 11
Case #181: 29 1 1 1 1 1 1 1 1 1 1 1 1 1 1 1 1 1 1 1 1 1 1 1 1 3 3 3 3 5
Case #182: 16 1 1 1 1 2 2 2 2 2 2 2 2 2 3 5 11
Case #183: 13 1 1 1 1 1 2 2 2 2 3 5 7 13
Case #184: 22 1 1 1 1 1 1 1 1 1 1 1 1 2 2 2 3 3 3 3 3 3 5
Case #185: 36 1 1 1 1 1 1 1 1 1 1 1 1 1 1 1 1 1 1 1 1 1 1 1 1 1 1 1 1 1 1 1 2 2 2 2 2
Case #186: 21 1 1 1 1 1 1 1 1 1 1 1 1 2 2 2 2 3 3 3 5 7
Case #187: 31 1 1 1 1 1 1 1 1 1 1 1 1 1 1 1 1 1 1 1 1 1 1 1 1 1 1 2 2 3 3 5
Case #188: 7 1 1 1 5 5 11 17
Case #189: 18 1 1 1 1 1 1 1 2 2 2 2 2 2 2 3 3 3 11
Case #190: 19 1 1 1 1 1 1 1 1 1 2 2 3 3 3 3 3 3 5 5
Case #191: 26 1 1 1 1 1 1 1 1 1 1 1 1 1 2 2 2 2 2 2 2 2 2 2 2 3 3
Case #192: 14 1 1 1 1 1 1 2 3 3 5 5 5 5 7
Case #193: -1
Case #194: 15 1 1 1 1 1 2 2 3 3 3 3 3 3 7 7
Case #195: 16 1 1 1 1 1 1 1 1 1 1 1 2 3 5 7 13
Case #196: -1
Case #197: 17 1 1 1 1 1 1 1 1 2 2 3 3 3 3 5 5 7
Case #198: 24 1 1 1 1 1 1 1 1 1 1 1 1 2 2 2 2 2 2 2 2 2 3 3 5
Case #199: 25 1 1 1 1 1 1 1 1 1 1 1 1 1 1 1 2 2 2 2 2 2 2 2 3 7
Case #200: 17 1 1 1 1 1 1 1 2 2 2 2 3 3 3 3 7 7
Case #201: -1
Case #202: 20 1 1 1 1 1 1 1 1 1 1 1 1 1 1 1 1 1 2 5 17
Case #203: 17 1 1 1 1 1 2 2 2 2 2 2 3 3 3 3 5 7
Case #204: 19 1 1 1 1 1 1 1 1 1 1 1 1 2 2 2 2 3 5 13
Case #205: 19 1 1 1 2 2 2 2 2 2 2 2 2 2 2 2 3 3 3 5
Case #206: 21 1 1 1 1 1 1 2 2 2 2 2 2 2 2 2 2 2 2 2 2 7
Case #207: -1
Case #208: 20 1 1 1 1 1 1 1 1 1 2 2 2 2 2 3 3 3 3 5 5
Case #209: 17 1 1 1 1 1 1 1 2 2 2 2 2 2 3 5 7 7
Case #210: 18 1 1 1 1 1 2 2 2 2 2 2 2 2 2 2 2 3 11
Case #211: 24 1 1 1 1 1 1 1 1 1 1 1 1 1 1 1 1 1 2 2 2 3 3 5 7
Case #212: 12 1 1 1 2 3 3 3 5 5 5 5 7
Case #213: 19 1 1 1 1 1 1 1 1 2 2 2 2 3 3 3 3 3 3 7
Case #214: 25 1 1 1 1 1 1 1 1 1 1 1 1 1 1 1 1 1 1 3 3 3 3 3 3 5
Case #215: 21 1 1 1 1 1 1 1 1 1 1 1 1 1 2 2 3 3 3 3 5 7
Case #216: 35 1 1 1 1 1 1 1 1 1 1 1 1 1 1 1 1 1 1 1 1 1 1 1 1 1 1 1 1 1 2 2 2 2 2 2
Case #217: 25 1 1 1 1 1 1 1 1 1 1 1 1 1 1 1 1 1 1 1 2 2 3 5 5 5
Case #218: -1
Case #219: 31 1 1 1 1 1 1 1 1 1 1 1 1 1 1 1 1 1 1 1 1 1 1 1 1 1 1 1 1 3 3 7
Case #220: 14 1 1 1 1 1 1 2 2 2 2 2 5 7 13
Case #221: 20 1 1 1 1 1 2 2 2 2 2 2 2 2 2 2 2 2 2 3 7
Case #222: 22 1 1 1 1 1 1 1 1 1 1 1 1 1 1 2 3 3 3 3 3 5 5
Case #223: 14 1 1 1 2 2 2 3 3 3 3 5 5 5 5
Case #224: 10 1 1 2 2 2 2 2 3 13 13
Case #225: 10 1 1 1 2 3 3 3 3 5 19
Case #226: 14 1 1 1 1 1 2 2 2 2 2 3 5 5 13
Case #227: 22 1 1 1 1 1 1 1 1 1 1 1 1 1 1 1 2 2 2 3 3 3 11
Case #228: 23 1 1 1 1 1 1 1 1 1 1 1 1 1 2 2 2 2 2 2 3 3 3 7
Case #229: 16 1 1 1 1 1 2 2 2 2 2 3 3 3 3 7 7
Case #230: 13 1 1 1 1 2 2 2 2 2 2 3 11 11
Case #231: 14 1 1 1 1 1 1 2 3 3 3 3 3 5 13
Case #232: 16 1 1 1 1 1 1 2 2 2 3 3 3 3 3 3 11
Case #233: 12 1 1 1 1 2 3 3 5 5 5 7 7
Case #234: 19 1 1 1 1 1 1 2 2 2 2 2 2 2 2 2 2 5 5 5
Case #235: -1
Case #236: -1
Case #237: 15 1 1 1 1 1 1 2 2 2 2 3 3 3 5 13
Case #238: -1
Case #239: 17 1 1 1 1 1 2 2 2 2 2 2 2 2 3 3 3 11
Case #240: 15 1 1 1 1 1 2 2 2 2 2 2 3 3 5 13
Case #241: 23 1 1 1 1 1 1 1 1 1 1 1 1 1 1 2 2 2 2 2 2 3 5 7
Case #242: 25 1 1 1 1 1 1 1 1 1 1 1 1 1 1 1 1 1 1 1 2 2 3 3 5 7
Case #243: 19 1 1 1 1 1 1 1 1 1 1 1 2 2 2 2 3 3 3 13
Case #244: 15 1 1 1 1 1 2 2 2 2 2 2 3 5 5 11
Case #245: 16 1 1 1 1 1 1 1 2 2 2 2 2 3 3 5 13
Case #246: -1
Case #247: 16 1 1 1 1 1 1 1 1 1 2 2 2 3 5 7 11
Case #248: 17 1 1 1 1 1 1 1 1 1 2 2 2 2 3 7 7 7
Case #249: 20 1 1 1 1 1 1 1 2 2 2 2 2 2 2 2 2 3 3 3 7
Case #250: 13 1 1 1 1 1 1 1 2 2 5 5 7 13
Case #251: 21 1 1 1 1 1 1 1 1 1 1 1 1 1 1 1 1 1 1 1 11 11
Case #252: 20 1 1 1 1 1 1 1 1 1 2 2 2 2 2 3 3 3 3 3 7
Case #253: -1
Case #254: 22 1 1 1 1 1 1 1 1 1 1 1 1 1 1 1 2 2 2 3 5 5 7
Case #255: 15 1 1 1 2 2 2 2 2 2 3 3 5 5 5 5
Case #256: 25 1 1 1 1 1 1 1 1 1 1 1 1 1 1 1 1 2 2 2 2 3 3 3 3 5
Case #257: 26 1 1 1 1 1 1 1 1 1 1 1 2 2 2 2 2 2 2 2 2 2 2 2 2 2 2
Case #258: -1
Case #259: 24 1 1 1 1 1 1 1 1 1 1 1 1 1 1 1 1 1 1 2 2 2 3 3 11
Case #260: 24 1 1 1 1 1 1 1 1 1 1 1 1 1 2 2 2 2 2 3 3 3 3 3 3
Case #261: -1
Case #262: 20 1 1 2 2 2 2 2 2 2 2 2 2 2 2 2 2 2 2 2 5
Case #263: 32 1 1 1 1 1 1 1 1 1 1 1 1 1 1 1 1 1 1 1 1 1 1 1 1 1 1 1 1 2 3 3 5
Case #264: 24 1 1 1 1 1 1 1 1 1 1 1 2 2 2 2 2 2 2 2 2 2 2 3 5
Case #265: 24 1 1 1 1 1 1 1 1 1 1 1 1 1 1 2 2 2 2 2 3 3 3 3 5
Case #266: 21 1 1 1 1 1 1 1 2 2 2 2 2 2 2 2 3 3 3 3 3 3
Case #267: 17 1 1 1 1 1 2 2 2 2 2 2 2 2 3 3 7 7
Case #268: 20 1 1 1 1 1 1 1 1 1 1 2 2 2 3 3 3 3 3 5 5
Case #269: 13 1 1 1 2 2 2 2 3 3 5 5 7 7
Case #270: 14 1 1 1 1 1 1 1 2 2 2 5 5 7 11
Case #271: -1
Case #272: 19 1 1 1 1 1 1 1 1 2 2 2 2 2 2 2 2 5 5 7
Case #273: 25 1 1 1 1 1 1 1 1 1 1 1 1 1 1 1 1 2 2 2 2 2 2 3 5 5
Case #274: 19 1 1 1 1 1 1 1 1 1 1 1 1 1 2 2 3 3 5 13
Case #275: 17 1 1 1 1 1 1 1 1 1 1 1 1 1 1 2 2 23
Case #276: 19 1 1 1 1 1 1 1 1 1 1 1 1 2 2 3 3 3 5 11
Case #277: 22 1 1 1 1 1 1 1 1 1 1 1 1 1 1 2 2 2 3 3 5 5 5
Case #278: 12 1 1 1 2 2 2 2 2 3 3 5 17
Case #279: 16 1 1 1 1 1 1 1 2 2 2 3 3 5 5 5 7
Case #280: 22 1 1 1 1 1 1 1 1 1 1 1 1 1 1 2 2 2 2 2 3 3 11
Case #281: 24 1 1 1 1 1 1 1 1 1 1 1 1 1 1 1 1 2 2 2 2 2 3 5 7
Case #282: 11 1 1 2 2 2 2 3 5 5 7 11
Case #283: 17 1 1 1 1 1 1 1 2 2 2 2 2 2 3 3 3 13
Case #284: -1
Case #285: 28 1 1 1 1 1 1 1 1 1 1 1 1 1 1 1 1 1 2 2 2 2 2 2 2 2 2 3 3
Case #286: 31 1 1 1 1 1 1 1 1 1 1 1 1 1 1 1 1 1 1 1 1 1 1 1 1 1 1 1 1 1 5 7
Case #287: 28 1 1 1 1 1 1 1 1 1 1 1 1 1 1 1 1 1 1 2 2 2 2 2 2 2 3 3 3
Case #288: 41 1 1 1 1 1 1 1 1 1 1 1 1 1 1 1 1 1 1 1 1 1 1 1 1 1 1 1 1 1 1 1 1 1 1 1 1 1 1 1 1 1
Case #289: 21 1 2 2 2 2 2 2 2 2 2 2 2 2 2 2 2 2 2 2 2 2
Case #290: -1
Case #291: 15 1 1 1 1 1 1 2 2 2 2 5 5 5 5 7
Case #292: 14 1 1 1 1 2 2 2 2 2 2 2 5 7 11
Case #293: 17 1 1 1 1 1 1 1 1 1 2 2 2 2 2 2 3 17
Case #294: 21 1 1 1 1 1 1 1 1 1 1 1 2 2 2 2 2 2 2 2 7 7
Case #295: 26 1 1 1 1 1 1 1 1 1 1 1 1 1 1 1 1 1 1 2 2 2 2 2 3 5 5
Case #296: 29 1 1 1 1 1 1 1 1 1 1 1 1 1 1 1 1 1 1 1 1 1 1 1 1 1 1 2 2 11
Case #297: 25 1 1 1 1 1 1 1 1 1 1 1 2 2 2 2 2 2 2 2 2 2 2 2 3 3
Case #298: 19 1 1 1 1 1 1 2 2 2 2 2 2 2 2 2 2 3 5 7
Case #299: -1
Case #300: 12 1 1 1 2 2 2 2 2 3 3 11 11
Case #301: 26 1 1 1 1 1 1 1 1 1 1 1 1 1 1 1 1 1 2 2 2 2 2 2 2 3 7
Case #302: 18 1 1 1 1 1 1 1 1 1 2 2 2 3 3 3 3 3 11
Case #303: 20 1 1 1 1 1 1 1 1 1 1 1 2 2 2 2 2 3 3 3 11
Case #304: 10 1 1 1 1 2 3 3 5 7 17
Case #305: 21 1 1 1 1 1 1 1 1 1 1 1 1 1 1 1 1 1 1 2 2 19
Case #306: 18 1 1 1 1 1 1 1 1 2 2 2 2 2 3 5 5 5 5
Case #307: 18 1 1 1 1 1 1 1 1 1 1 2 3 3 3 5 5 5 5
Case #308: 18 1 1 1 1 1 1 1 1 1 1 1 1 2 3 3 3 7 11
Case #309: -1
Case #310: 25 1 1 1 1 1 1 1 1 1 1 1 1 1 1 1 1 1 1 1 1 2 2 5 5 7
Case #311: -1
Case #312: 11 1 1 2 2 2 2 3 5 5 5 13
Case #313: 17 1 1 1 1 1 1 1 1 1 1 2 2 3 3 3 7 11
Case #314: 21 1 1 1 1 1 1 1 2 2 2 2 2 2 2 2 2 2 3 3 3 5
Case #315: 17 1 1 1 1 1 1 2 2 2 2 2 2 2 2 3 3 13
Case #316: 20 1 1 1 1 1 1 1 1 1 1 1 1 1 1 2 2 2 5 5 11
Case #317: -1
Case #318: 31 1 1 1 1 1 1 1 1 1 1 1 1 1 1 1 1 1 1 1 1 1 1 1 1 1 1 1 1 1 1 11
Case #319: 12 1 1 1 2 2 2 3 3 3 5 7 11
Case #320: 13 1 1 1 1 1 2 2 2 2 3 3 3 19
Case #321: 20 1 1 1 1 1 1 2 2 2 2 2 2 2 2 2 2 2 3 5 5
Case #322: 17 1 1 1 1 1 1 1 1 2 2 3 3 3 3 3 3 11
Case #323: 35 1 1 1 1 1 1 1 1 1 1 1 1 1 1 1 1 1 1 1 1 1 1 1 1 1 1 1 1 1 1 1 1 3 3 3
Case #324: 20 1 1 1 1 1 1 1 1 1 1 2 2 2 2 2 3 3 3 5 7
Case #325: 23 1 1 1 1 1 1 1 1 1 2 2 2 2 2 2 2 2 2 2 2 2 3 5
Case #326: 30 1 1 1 1 1 1 1 1 1 1 1 1 1 1 1 1 1 1 1 1 1 1 1 1 1 1 1 2 5 7
Case #327: 26 1 1 1 1 1 1 1 1 1 1 1 1 1 1 2 2 2 2 2 2 2 2 2 3 3 3
Case #328: 19 1 1 1 1 1 1 1 1 1 1 1 1 1 1 1 1 1 1 23
Case #329: -1
Case #330: 21 1 1 1 1 1 1 1 1 1 1 1 2 2 2 2 2 2 3 3 5 7
Case #331: 14 1 1 1 1 2 2 2 2 2 3 3 3 5 13
Case #332: 11 1 1 1 1 2 2 3 3 3 5 19
Case #333: 11 1 1 1 2 2 2 2 3 3 5 19
Case #334: 16 1 1 1 1 1 1 1 1 1 2 2 2 3 3 7 13
Case #335: 27 1 1 1 1 1 1 1 1 1 1 1 1 1 1 1 1 2 2 2 2 2 2 2 2 2 2 5
Case #336: 16 1 1 1 1 1 1 1 1 1 1 1 2 3 3 5 17
Case #337: -1
Case #338: 14 1 1 1 1 1 2 2 2 3 3 3 3 7 11
Case #339: 30 1 1 1 1 1 1 1 1 1 1 1 1 1 1 1 1 1 1 1 1 1 1 1 1 2 2 2 2 2 7
Case #340: 15 1 1 2 2 2 2 2 2 2 2 3 5 5 5 5
Case #341: 19 1 1 1 1 1 1 1 1 2 2 2 2 2 2 3 3 3 5 7
Case #342: 12 1 1 1 2 3 3 3 3 5 5 7 7
Case #343: 16 1 1 1 1 1 1 2 2 2 2 2 3 3 3 3 13
Case #344: 14 1 1 1 1 1 2 2 2 3 3 3 3 5 13
Case #345: 19 1 1 1 1 1 1 1 1 1 1 2 2 2 2 3 3 3 7 7
Case #346: 34 1 1 1 1 1 1 1 1 1 1 1 1 1 1 1 1 1 1 1 1 1 1 1 1 1 1 1 1 1 2 2 2 3 3
Case #347: -1
Case #348: -1
Case #349: 16 1 1 1 1 1 1 1 1 1 1 2 3 3 3 7 13
Case #350: 32 1 1 1 1 1 1 1 1 1 1 1 1 1 1 1 1 1 1 1 1 1 1 1 1 1 1 2 2 2 3 3 3
Case #351: 28 1 1 1 1 1 1 1 1 1 1 1 1 1 1 1 1 1 1 1 1 1 1 2 2 2 3 3 7
Case #352: 23 1 1 1 1 1 1 1 1 1 1 1 1 1 1 1 1 1 1 1 1 1 3 17
Case #353: 12 1 1 1 2 2 2 3 3 3 5 5 13
Case #354: 12 1 1 1 2 3 3 3 3 3 5 5 11
Case #355: 17 1 1 2 2 2 2 2 2 2 2 2 2 2 2 3 5 7
Case #356: 17 1 1 1 1 1 2 2 2 2 2 2 2 2 3 5 5 7
Case #357: 13 1 1 1 2 2 2 2 3 3 3 5 5 11
Case #358: 28 1 1 1 1 1 1 1 1 1 1 1 1 1 1 1 1 1 1 1 1 1 1 2 3 3 3 3 5
Case #359: -1
Case #360: 19 1 1 1 1 1 1 1 1 1 1 2 2 2 2 2 2 3 5 11
Case #361: -1
Case #362: -1
Case #363: 8 1 1 2 2 2 3 7 23
Case #364: -1
Case #365: -1
Case #366: 8 1 1 1 2 2 2 3 29
Case #367: 25 1 1 1 1 1 1 1 1 1 1 1 1 1 1 1 2 2 2 2 3 3 3 3 3 3
Case #368: 15 1 1 1 1 1 1 1 2 2 2 2 3 5 7 11
Case #369: 21 1 1 1 1 1 1 1 1 1 1 1 1 1 1 1 3 3 3 5 5 7
Case #370: 10 1 1 1 1 2 3 3 5 5 19
Case #371: 17 1 1 1 1 1 1 2 2 2 2 3 3 3 3 3 5 7
Case #372: 12 1 1 2 2 2 2 2 2 2 3 11 11
Case #373: 23 1 1 1 1 1 1 1 1 1 1 1 1 1 1 1 1 2 2 2 2 3 3 11
Case #374: -1
Case #375: 3 1 3 37
Case #376: 23 1 1 1 1 1 1 1 1 1 1 2 2 2 2 2 2 2 2 2 2 2 2 7
Case #377: 16 1 1 1 1 1 1 1 1 1 2 2 2 2 2 5 17
Case #378: 18 1 1 1 1 1 1 1 1 1 1 1 2 3 3 3 5 7 7
Case #379: 20 1 1 1 1 1 1 1 1 1 2 2 2 2 2 2 2 3 3 5 7
Case #380: 13 1 1 1 1 2 2 3 3 3 3 3 5 13
Case #381: 20 1 1 1 1 1 1 1 1 1 1 1 1 1 1 2 3 5 5 5 7
Case #382: 24 1 1 1 1 1 1 1 1 1 1 1 1 1 1 1 2 3 3 3 3 3 3 3 3
Case #383: 18 1 1 1 1 1 1 1 1 1 1 1 1 1 1 1 1 2 23
Case #384: -1
Case #385: 18 1 1 1 1 1 1 1 1 1 2 2 2 2 2 5 5 5 7
Case #386: 21 1 1 1 1 1 1 1 1 1 1 1 1 1 2 2 3 3 3 5 5 5
Case #387: 18 1 1 1 1 1 1 1 1 2 2 2 2 2 3 3 5 5 7
Case #388: 22 1 1 1 1 1 1 1 1 1 1 1 1 2 2 2 2 2 2 2 3 5 7
Case #389: 12 1 1 2 2 2 2 2 2 2 3 5 17
Case #390: 19 1 1 1 1 1 1 1 1 1 2 2 2 2 3 3 3 3 5 7
Case #391: 29 1 1 1 1 1 1 1 1 1 1 1 1 1 1 1 1 1 1 1 1 1 1 1 1 1 1 1 1 13
Case #392: 24 1 1 1 1 1 1 1 1 1 1 1 1 1 1 1 2 2 2 2 2 3 3 5 5
Case #393: 24 1 1 1 1 1 1 1 1 1 1 1 2 2 2 2 2 2 2 2 2 3 3 3 3
Case #394: 23 1 1 1 1 1 1 1 1 1 1 1 1 1 1 1 1 1 1 2 2 3 5 11
Case #395: -1
Case #396: 17 1 1 1 1 1 1 1 1 1 1 2 2 2 2 5 5 13
Case #397: -1
Case #398: 19 1 1 1 1 1 1 1 2 2 2 2 2 2 3 3 3 3 3 7
Case #399: 20 1 1 1 1 1 1 1 1 1 1 1 2 2 2 2 2 5 5 5 5
Case #400: 21 1 1 1 1 1 1 1 1 2 2 2 2 2 2 2 2 2 2 3 3 7
Case #401: 34 1 1 1 1 1 1 1 1 1 1 1 1 1 1 1 1 1 1 1 1 1 1 1 1 1 1 1 1 1 1 2 3 3 3
Case #402: 17 1 1 1 1 2 2 2 2 3 3 3 3 3 3 3 3 5
Case #403: 12 1 1 1 2 2 2 3 3 5 7 7 7
Case #404: 21 1 1 1 1 1 2 2 2 2 2 2 2 2 2 2 2 2 3 3 3 3
Case #405: 33 1 1 1 1 1 1 1 1 1 1 1 1 1 1 1 1 1 1 1 1 1 1 1 1 1 1 1 1 1 1 1 3 7
Case #406: 21 1 1 1 1 1 1 1 1 2 2 2 2 2 2 3 3 3 3 3 3 3
Case #407: -1
Case #408: 15 1 1 1 2 2 2 2 2 2 3 3 3 5 5 7
Case #409: 24 1 1 1 1 1 1 1 1 1 1 1 1 1 1 2 2 2 2 2 2 2 3 5 5
Case #410: 15 1 1 1 1 2 2 2 2 3 3 3 5 5 5 5
Case #411: -1
Case #412: 11 1 1 2 2 2 2 2 2 3 5 19
Case #413: -1
Case #414: 26 1 1 1 1 1 1 1 1 1 1 1 1 1 1 1 1 1 1 1 1 1 2 3 3 5 7
Case #415: 17 1 1 1 1 1 2 2 3 3 3 3 3 3 3 3 3 5
Case #416: 10 1 1 2 2 2 2 2 3 7 19
Case #417: 17 1 1 1 1 1 1 1 1 1 1 2 2 3 3 5 5 11
Case #418: 22 1 1 1 1 1 2 2 2 2 2 2 2 2 2 2 2 2 2 2 2 3 3
Case #419: -1
Case #420: 16 1 1 1 1 1 1 2 2 2 2 2 3 5 5 5 7
Case #421: 21 1 1 1 1 1 1 1 1 2 2 2 2 2 2 2 2 3 3 3 3 5
Case #422: 23 1 1 1 1 1 1 1 1 1 1 1 1 1 2 2 2 2 2 2 2 2 5 7
Case #423: 27 1 1 1 1 1 1 1 1 1 1 1 1 1 1 1 1 1 1 1 2 2 2 2 3 3 3 5
Case #424: 29 1 1 1 1 1 1 1 1 1 1 1 1 1 1 1 1 1 1 1 1 1 1 1 1 1 1 3 5 7
Case #425: 31 1 1 1 1 1 1 1 1 1 1 1 1 1 1 1 1 1 1 1 1 1 1 1 1 1 1 1 3 3 3 5
Case #426: 15 1 1 1 1 1 1 1 1 2 2 2 2 3 3 19
Case #427: -1
Case #428: 13 1 1 1 1 1 2 2 2 2 3 3 11 11
Case #429: -1
Case #430: 34 1 1 1 1 1 1 1 1 1 1 1 1 1 1 1 1 1 1 1 1 1 1 1 1 1 1 1 1 1 1 1 1 2 7
Case #431: 18 1 1 1 1 1 1 2 2 2 2 2 3 3 3 3 3 3 7
Case #432: -1
Case #433: 27 1 1 1 1 1 1 1 1 1 1 1 1 1 1 1 1 1 1 1 1 1 1 2 2 3 5 7
Case #434: -1
Case #435: 17 1 1 1 1 1 1 1 2 2 3 3 3 3 3 3 5 7
Case #436: 16 1 1 1 1 1 1 1 1 2 2 2 3 3 5 5 11
Case #437: 14 1 1 1 1 2 2 2 2 2 3 3 5 5 11
Case #438: 16 1 1 1 1 1 1 1 1 1 2 2 2 2 2 3 19
Case #439: 15 1 1 1 1 1 1 2 2 2 2 3 5 5 7 7
Case #440: 32 1 1 1 1 1 1 1 1 1 1 1 1 1 1 1 1 1 1 1 1 1 1 1 1 1 1 2 2 2 2 2 5
Case #441: 15 1 1 1 1 2 2 2 2 2 2 3 3 3 5 11
Case #442: 20 1 1 1 1 1 1 1 1 1 1 1 2 2 2 2 2 3 5 5 7
Case #443: 10 1 1 1 1 1 1 1 1 2 31
Case #444: 22 1 1 1 1 1 1 1 1 1 1 1 2 2 2 2 2 2 2 3 3 3 7
Case #445: 16 1 1 1 1 2 2 2 2 2 2 2 3 5 5 5 5
Case #446: 15 1 1 1 1 2 2 2 2 3 3 3 3 5 5 7
Case #447: 19 1 1 1 1 1 1 1 1 1 1 1 1 1 1 1 1 1 7 17
Case #448: 23 1 1 1 1 1 1 1 1 1 1 1 1 2 2 2 2 2 2 2 2 3 3 7
Case #449: 24 1 1 1 1 1 1 1 1 1 1 1 1 1 1 1 1 2 2 2 3 3 3 5 5
Case #450: 23 1 1 1 1 1 1 1 1 1 1 1 1 1 1 1 1 2 2 2 2 3 7 7
Case #451: 10 1 1 1 2 2 2 3 7 11 11
Case #452: 16 1 1 1 1 1 1 1 2 3 3 3 3 5 5 5 5
Case #453: 26 1 1 1 1 1 1 1 1 1 1 1 1 1 1 1 1 1 1 1 1 1 1 2 2 2 13
Case #454: -1
Case #455: 22 1 1 1 1 1 1 1 1 2 2 2 2 2 2 2 2 2 2 2 3 3 5
Case #456: 27 1 1 1 1 1 1 1 1 1 1 1 1 1 1 1 1 1 2 2 2 2 2 2 3 3 3 3
Case #457: 37 1 1 1 1 1 1 1 1 1 1 1 1 1 1 1 1 1 1 1 1 1 1 1 1 1 1 1 1 1 1 1 1 1 2 2 2 2
Case #458: 13 1 1 1 1 1 2 2 3 3 3 3 7 13
Case #459: -1
Case #460: 6 1 1 1 2 17 19
Case #461: -1
Case #462: -1
Case #463: 24 1 1 1 1 1 1 1 1 1 1 1 1 1 1 1 1 1 2 2 2 2 2 3 11
Case #464: 10 1 1 1 2 3 3 3 5 5 17
Case #465: 25 1 1 1 1 1 1 1 1 1 1 1 1 1 1 1 1 1 1 2 2 2 2 3 5 7
Case #466: 21 1 1 1 1 1 1 1 1 1 2 2 2 2 3 3 3 3 3 3 3 3
Case #467: 22 1 1 1 1 1 1 2 2 2 2 2 2 2 2 2 2 2 2 2 3 3 3
Case #468: -1
Case #469: 32 1 1 1 1 1 1 1 1 1 1 1 1 1 1 1 1 1 1 1 1 1 1 1 1 1 1 1 2 2 2 3 5
Case #470: 23 1 1 1 1 1 1 1 1 1 1 1 1 2 2 2 2 2 2 3 3 3 3 5
Case #471: 32 1 1 1 1 1 1 1 1 1 1 1 1 1 1 1 1 1 1 1 1 1 1 1 1 1 1 1 1 2 2 2 7
Case #472: 18 1 1 1 2 2 2 2 2 2 2 2 2 2 2 3 3 5 5
Case #473: 25 1 1 1 1 1 1 1 1 1 1 1 1 1 1 1 1 1 1 1 1 2 2 3 3 11
Case #474: -1
Case #475: 24 1 1 1 1 1 1 1 1 1 1 2 2 2 2 2 2 2 2 2 2 2 2 2 5
Case #476: 17 1 1 1 1 1 1 1 1 2 2 2 2 3 3 3 5 11
Case #477: 16 1 1 1 1 1 2 2 2 2 2 2 2 3 3 3 13
Case #478: 13 1 1 1 1 1 2 2 3 3 3 3 3 17
Case #479: 13 1 1 1 1 2 2 3 3 3 5 5 7 7
Case #480: 27 1 1 1 1 1 1 1 1 1 1 1 1 1 1 1 1 1 1 1 1 1 1 1 1 2 2 13
Case #481: 21 1 1 1 1 1 1 1 1 2 2 2 2 2 2 2 2 2 2 3 5 5
Case #482: 21 1 1 1 1 1 1 1 1 1 1 1 1 3 3 3 3 3 3 3 3 5
Case #483: 18 1 1 1 1 1 2 2 2 2 2 2 2 3 3 3 3 5 5
Case #484: -1
Case #485: 22 1 1 1 1 1 1 1 1 1 1 2 2 2 2 2 2 2 2 2 3 5 5
Case #486: 17 1 1 1 1 1 2 2 2 2 3 3 3 3 3 3 3 7
Case #487: 18 1 1 1 1 1 1 1 2 2 2 2 2 2 2 3 3 7 7
Case #488: 21 1 1 1 1 1 1 2 2 2 2 2 2 2 2 2 2 3 3 3 3 3
Case #489: 14 1 1 1 1 2 2 2 2 2 3 3 3 7 11
Case #490: -1
Case #491: 16 1 1 1 2 2 2 2 2 2 2 2 2 3 5 5 7
Case #492: 3 1 17 23
Case #493: 23 1 1 1 1 1 1 1 1 1 1 1 1 1 2 2 2 2 2 2 3 3 5 5
Case #494: 11 1 1 1 2 2 2 2 3 3 7 17
Case #495: 11 1 1 2 2 2 2 3 7 7 7 7
Case #496: 32 1 1 1 1 1 1 1 1 1 1 1 1 1 1 1 1 1 1 1 1 1 1 1 1 1 1 1 1 1 2 5 5
Case #497: 31 1 1 1 1 1 1 1 1 1 1 1 1 1 1 1 1 1 1 1 1 1 1 2 2 2 2 2 2 2 2 3
Case #498: 6 2 3 5 7 11 13
Case #499: 25 1 1 1 1 1 1 1 1 1 1 1 1 1 1 1 1 1 1 1 1 1 1 1 1 17
Case #500: 11 1 1 1 1 1 1 1 1 1 3 29
Case #501: 22 1 1 1 1 1 1 1 1 1 2 2 2 2 2 2 2 2 2 3 3 3 5
Case #502: 38 1 1 1 1 1 1 1 1 1 1 1 1 1 1 1 1 1 1 1 1 1 1 1 1 1 1 1 1 1 1 1 1 1 1 1 1 2 3
Case #503: 15 1 1 1 1 2 2 2 2 2 2 2 2 3 5 13
Case #504: 17 1 1 1 1 1 1 1 1 1 1 1 1 1 1 1 3 23
Case #505: -1
Case #506: 14 1 1 2 2 2 2 2 2 2 3 5 5 5 7
Case #507: 20 1 1 1 1 1 1 1 1 1 1 1 2 2 2 3 3 3 5 5 5
Case #508: 20 1 1 1 1 1 1 1 1 1 1 1 2 2 2 3 3 3 3 5 7
Case #509: 20 1 1 1 1 1 1 1 1 1 1 1 1 1 1 1 2 3 3 7 11
Case #510: 16 1 1 1 1 1 1 1 1 2 2 2 3 3 7 7 7
Case #511: -1
Case #512: -1
Case #513: -1
Case #514: 36 1 1 1 1 1 1 1 1 1 1 1 1 1 1 1 1 1 1 1 1 1 1 1 1 1 1 1 1 1 1 1 1 1 2 3 3
Case #515: -1
Case #516: 34 1 1 1 1 1 1 1 1 1 1 1 1 1 1 1 1 1 1 1 1 1 1 1 1 1 1 1 1 1 1 1 2 3 5
Case #517: 20 1 1 1 1 1 1 1 2 2 2 2 2 2 2 2 2 3 3 5 5
Case #518: 14 1 1 1 1 1 1 2 2 2 3 3 3 7 13
Case #519: 12 1 1 1 2 3 3 5 5 5 5 5 5
Case #520: 23 1 1 1 1 1 1 1 1 1 1 1 1 2 2 2 2 2 2 2 2 3 5 5
Case #521: -1
Case #522: 20 1 1 1 1 1 1 2 2 2 2 2 2 2 2 2 2 2 3 3 7
Case #523: 26 1 1 1 1 1 1 1 1 1 1 1 1 1 1 1 1 1 1 2 3 3 3 3 3 3 3
Case #524: -1
Case #525: 17 1 1 1 1 1 1 1 2 2 2 2 3 3 3 3 3 11
Case #526: 21 1 1 2 2 2 2 2 2 2 2 2 2 2 2 2 2 2 2 2 2 3
Case #527: 18 1 1 1 1 1 1 1 1 2 2 2 2 2 3 3 3 3 11
Case #528: -1
Case #529: 25 1 1 1 1 1 1 1 1 1 1 1 1 2 2 2 2 2 2 2 2 2 2 2 2 5
Case #530: 20 1 1 1 1 1 1 1 1 1 1 2 3 3 3 3 3 3 3 3 5
Case #531: 19 1 1 1 1 2 2 2 2 2 2 2 2 2 2 2 2 3 5 5
Case #532: 24 1 1 1 1 1 1 1 1 1 1 1 1 1 2 2 2 2 2 2 2 3 3 3 5
Case #533: 21 1 1 1 1 1 2 2 2 2 2 2 2 2 2 2 2 2 2 2 3 5
Case #534: 25 1 1 1 1 1 1 1 1 1 1 1 1 1 1 1 1 2 2 2 2 2 2 3 3 7
Case #535: 19 1 1 1 1 1 1 1 2 2 2 2 2 2 2 2 3 3 5 7
Case #536: 13 1 1 1 1 1 1 2 2 2 2 3 5 19
Case #537: 18 1 1 1 1 1 1 1 1 1 1 1 2 2 2 2 2 3 17
Case #538: 28 1 1 1 1 1 1 1 1 1 1 1 1 1 1 1 1 1 1 1 1 1 1 1 1 1 2 7 7
Case #539: 16 1 1 1 1 1 1 1 1 2 2 2 3 5 5 7 7
Case #540: -1
Case #541: 14 1 1 1 1 1 2 2 2 3 3 3 7 7 7
Case #542: 23 1 1 1 1 1 1 2 2 2 2 2 2 2 2 2 2 2 2 2 2 2 2 3
Case #543: 15 1 1 1 1 1 2 2 2 2 3 5 5 5 5 5
Case #544: 15 1 1 1 1 1 1 2 2 3 3 3 5 5 5 7
Case #545: 10 1 1 1 2 3 3 3 5 11 11
Case #546: -1
Case #547: 31 1 1 1 1 1 1 1 1 1 1 1 1 1 1 1 1 1 1 1 1 1 1 1 1 1 1 1 1 3 5 5
Case #548: 18 1 1 1 1 1 1 1 1 1 2 3 3 3 3 3 3 5 7
Case #549: 18 1 1 1 1 2 2 2 2 2 2 2 3 3 3 3 3 3 5
Case #550: 22 1 1 1 1 1 1 1 1 1 1 1 1 1 2 3 3 3 3 3 3 3 5
Case #551: 34 1 1 1 1 1 1 1 1 1 1 1 1 1 1 1 1 1 1 1 1 1 1 1 1 1 1 1 1 1 1 2 2 2 5
Case #552: 15 1 1 1 1 1 1 1 1 2 2 2 2 3 11 11
Case #553: 22 1 1 1 1 1 1 1 1 1 1 1 1 2 2 2 2 2 3 3 3 5 5
Case #554: 17 1 1 1 1 2 2 2 2 2 2 2 2 3 3 5 5 5
Case #555: -1
Case #556: -1
Case #557: 19 1 1 1 1 1 1 1 1 1 1 2 2 3 3 3 3 3 5 7
Case #558: -1
Case #559: 19 1 1 1 1 1 1 1 1 1 1 1 2 2 2 2 3 3 5 11
Case #560: 21 1 1 1 1 1 1 1 1 1 1 2 2 2 2 2 2 2 2 5 5 5
Case #561: 10 1 1 1 2 3 3 5 5 7 13
Case #562: 14 1 1 1 2 2 2 2 2 3 3 3 5 7 7
Case #563: 19 1 1 1 1 1 1 1 1 1 1 2 2 2 2 3 3 3 3 11
Case #564: 13 1 1 1 1 1 1 2 2 5 5 7 7 7
Case #565: 23 1 1 1 1 1 1 1 1 1 1 1 1 1 1 1 1 1 3 3 3 5 5 5
Case #566: 24 1 1 1 1 1 1 1 1 1 1 1 1 1 2 2 2 2 2 2 2 2 2 3 7
Case #567: 23 1 1 1 1 1 1 1 2 2 2 2 2 2 2 2 2 2 2 2 2 2 3 3
Case #568: 18 1 1 1 1 1 1 1 1 1 1 1 2 3 3 5 5 5 7
Case #569: 21 1 1 1 1 1 1 1 1 1 1 1 1 1 1 1 2 2 3 5 7 7
Case #570: 19 1 1 1 1 1 1 1 1 1 3 3 3 3 3 3 3 3 3 5
Case #571: 25 1 1 1 1 1 1 1 1 1 1 1 1 1 1 1 1 2 2 3 3 3 3 3 3 3
Case #572: 20 1 1 1 1 1 1 1 2 2 2 2 2 2 2 3 3 3 3 3 5
Case #573: 24 1 1 1 1 1 1 1 1 1 1 1 1 1 1 1 1 1 1 1 1 1 1 2 17
Case #574: 28 1 1 1 1 1 1 1 1 1 1 1 1 1 1 1 1 1 1 1 1 2 2 2 3 3 3 3 3
Case #575: 15 1 1 1 1 1 1 2 2 2 2 3 3 5 5 11
Case #576: 24 1 1 1 1 1 1 1 1 1 1 1 1 1 1 1 1 1 1 2 3 3 5 5 5
Case #577: 33 1 1 1 1 1 1 1 1 1 1 1 1 1 1 1 1 1 1 1 1 1 1 1 1 1 1 1 1 1 1 2 2 7
Case #578: 15 1 1 2 2 2 2 2 2 2 2 2 2 3 5 11
Case #579: 13 1 1 1 1 1 2 2 3 3 5 7 7 7
Case #580: -1
Case #581: -1
Case #582: 22 1 1 1 1 1 1 1 1 1 1 1 1 1 2 2 2 2 2 3 5 5 5
Case #583: -1
Case #584: 17 1 1 1 1 1 1 1 1 1 1 1 2 2 2 2 3 19
Case #585: 22 1 1 1 1 1 1 1 1 2 2 2 2 2 2 2 2 2 2 2 2 2 7
Case #586: 16 1 1 1 2 2 2 3 3 3 3 3 3 3 3 3 5
Case #587: 15 1 1 1 1 1 1 1 2 2 3 3 3 5 5 11
Case #588: 20 1 1 1 1 1 1 1 1 1 1 1 1 1 2 2 2 3 3 5 11
Case #589: 16 1 1 2 2 2 2 2 2 2 2 2 2 2 3 7 7
Case #590: 16 1 1 1 1 2 2 2 2 2 3 3 3 3 3 5 7
Case #591: 23 1 1 1 1 1 1 1 1 2 2 2 2 2 2 2 2 2 2 2 2 2 2 5
Case #592: 19 1 1 1 1 1 1 1 1 1 1 1 1 1 1 1 1 1 5 19
Case #593: 17 1 1 1 1 1 1 2 2 2 2 2 2 3 3 3 3 11
Case #594: -1
Case #595: 14 1 1 1 2 2 2 2 2 3 5 5 5 5 5
Case #596: 19 1 1 1 1 1 1 1 1 2 2 2 2 2 2 3 3 5 5 5
Case #597: 29 1 1 1 1 1 1 1 1 1 1 1 1 1 1 1 1 1 1 1 1 1 1 1 2 2 3 3 3 5
Case #598: 22 1 1 1 1 1 1 1 2 2 2 2 2 2 2 2 2 2 2 3 3 3 3
Case #599: 19 1 1 1 1 1 1 2 2 2 2 2 2 2 2 3 3 3 5 5
Case #600: 16 1 1 1 1 1 2 2 2 2 2 2 2 5 5 5 7
Case #601: 19 1 1 1 1 2 2 2 2 2 2 2 2 2 2 3 3 3 3 5
Case #602: 29 1 1 1 1 1 1 1 1 1 1 1 1 1 1 1 1 1 1 1 1 1 1 1 1 1 1 1 3 11
Case #603: 24 1 1 1 1 1 1 1 1 1 1 1 1 1 1 1 1 1 2 2 2 3 5 5 5
Case #604: 21 1 1 1 1 1 1 1 1 1 1 1 2 2 2 2 3 3 3 3 5 5
Case #605: 27 1 1 1 1 1 1 1 1 1 1 1 1 1 1 1 1 1 1 2 2 2 2 2 2 3 3 5
Case #606: 18 1 1 1 1 1 1 1 1 1 1 2 2 2 2 2 3 7 11
Case #607: 20 1 1 1 1 1 1 1 1 1 1 1 1 2 2 2 3 3 3 3 11
Case #608: 25 1 1 1 1 1 1 1 1 1 1 1 1 1 1 1 1 1 1 1 1 1 1 1 7 11
Case #609: 23 1 1 1 1 1 1 1 1 1 1 1 1 1 1 1 1 1 1 3 3 3 7 7
Case #610: 15 1 1 1 2 2 2 2 2 2 2 2 3 3 5 11
Case #611: 28 1 1 1 1 1 1 1 1 1 1 1 1 1 1 1 1 1 1 1 1 1 1 1 1 1 2 3 11
Case #612: 21 1 1 1 1 1 1 1 1 1 1 1 2 2 2 2 2 2 3 5 5 5
Case #613: -1
Case #614: 23 1 1 1 1 1 1 1 1 1 1 1 1 1 1 1 1 1 1 1 1 1 7 13
Case #615: -1
Case #616: 26 1 1 1 1 1 1 1 1 1 1 1 1 1 1 1 1 1 1 1 1 1 1 1 2 5 11
Case #617: 17 1 1 1 1 1 1 1 1 2 2 2 2 5 5 5 5 5
Case #618: 16 1 1 1 1 1 1 2 2 2 3 3 3 5 5 5 5
Case #619: -1
Case #620: 18 1 1 1 1 1 1 1 1 1 2 2 2 2 2 3 3 5 11
Case #621: 21 1 1 1 1 1 1 1 1 1 2 2 2 2 2 2 3 3 3 3 3 5
Case #622: -1
Case #623: 20 1 1 1 1 1 1 1 1 1 1 1 1 1 1 2 3 3 5 7 7
Case #624: 28 1 1 1 1 1 1 1 1 1 1 1 1 1 1 1 1 1 1 2 2 2 2 2 2 2 2 2 5
Case #625: 33 1 1 1 1 1 1 1 1 1 1 1 1 1 1 1 1 1 1 1 1 1 1 1 1 1 1 1 1 1 1 3 3 5
Case #626: 15 1 1 1 1 1 2 2 2 2 3 3 3 3 3 13
Case #627: 21 1 1 1 1 1 1 1 1 1 1 1 1 1 2 2 2 2 3 3 7 7
Case #628: 12 1 1 1 1 1 2 2 2 3 7 7 13
Case #629: 10 1 1 1 2 3 3 5 7 7 11
Case #630: 28 1 1 1 1 1 1 1 1 1 1 1 1 1 1 1 1 1 1 1 1 2 2 2 2 2 3 3 5
Case #631: 20 1 1 1 1 1 1 1 1 1 1 1 1 1 1 1 1 2 3 7 13
Case #632: -1
Case #633: -1
Case #634: 34 1 1 1 1 1 1 1 1 1 1 1 1 1 1 1 1 1 1 1 1 1 1 1 1 1 1 1 2 2 2 2 2 2 2
Case #635: 39 1 1 1 1 1 1 1 1 1 1 1 1 1 1 1 1 1 1 1 1 1 1 1 1 1 1 1 1 1 1 1 1 1 1 1 1 1 2 2
Case #636: -1
Case #637: 17 1 1 1 1 2 2 2 2 2 2 2 2 2 2 5 5 7
Case #638: 14 1 1 1 2 2 2 2 2 2 2 3 5 5 11
Case #639: 14 1 1 1 2 2 2 2 2 2 2 3 3 7 11
Case #640: 12 1 1 1 2 3 3 3 3 3 3 5 13
Case #641: 15 1 1 1 1 1 2 2 3 3 3 3 3 3 3 11
Case #642: 16 1 1 1 2 2 2 2 2 3 3 3 3 3 3 5 5
Case #643: -1
Case #644: 16 1 1 1 1 1 2 2 2 2 2 2 2 3 3 5 11
Case #645: 31 1 1 1 1 1 1 1 1 1 1 1 1 1 1 1 1 1 1 1 1 1 1 1 2 2 2 2 2 2 3 3
Case #646: -1
Case #647: 27 1 1 1 1 1 1 1 1 1 1 1 1 1 1 2 2 2 2 2 2 2 2 2 2 2 2 3
Case #648: -1
Case #649: 16 1 1 1 1 1 1 1 1 1 1 2 3 5 5 5 11
Case #650: 14 1 1 2 2 2 2 2 2 2 2 2 3 5 13
Case #651: 19 1 1 1 1 1 1 1 1 1 1 1 2 2 3 3 5 5 5 5
Case #652: 23 1 1 1 1 1 1 1 1 1 1 1 2 2 2 2 2 2 2 2 2 2 3 7
Case #653: 17 1 1 1 1 1 1 1 1 1 1 1 2 2 3 5 7 11
Case #654: -1
Case #655: 24 1 1 1 1 1 1 1 1 1 1 1 1 2 2 2 2 2 2 2 2 2 2 2 7
Case #656: -1
Case #657: 22 1 1 1 1 1 1 1 2 2 2 2 2 2 2 2 2 2 2 2 2 3 5
Case #658: 30 1 1 1 1 1 1 1 1 1 1 1 1 1 1 1 1 1 1 1 1 1 1 1 1 1 1 1 1 2 11
Case #659: 25 1 1 1 1 1 1 1 1 1 1 2 2 2 2 2 2 2 2 2 2 2 2 2 2 3
Case #660: -1
Case #661: -1
Case #662: 17 1 1 1 1 1 1 2 2 2 2 2 2 3 5 5 5 5
Case #663: 7 1 1 1 1 1 17 19
Case #664: 26 1 1 1 1 1 1 1 1 1 1 1 1 1 1 1 1 1 1 1 2 2 2 3 3 3 7
Case #665: 14 1 1 1 1 1 1 2 2 2 3 3 5 5 13
Case #666: 40 1 1 1 1 1 1 1 1 1 1 1 1 1 1 1 1 1 1 1 1 1 1 1 1 1 1 1 1 1 1 1 1 1 1 1 1 1 1 1 2
Case #667: 16 1 1 1 1 1 1 1 2 2 2 3 3 3 5 7 7
Case #668: -1
Case #669: -1
Case #670: -1
Case #671: 22 1 1 1 1 1 1 1 1 1 1 1 2 2 2 3 3 3 3 3 3 3 3
Case #672: 23 1 1 1 1 1 1 1 1 1 1 1 1 1 1 1 1 3 3 3 3 3 5 5
Case #673: 24 1 1 1 1 1 1 1 1 1 1 1 1 1 1 1 1 1 1 2 3 3 3 5 7
Case #674: 17 1 1 1 1 1 1 1 2 2 2 2 2 2 3 3 5 11
Case #675: 23 1 1 1 1 1 1 1 1 1 1 1 1 1 1 2 2 2 2 3 3 3 5 5
Case #676: -1
Case #677: 23 1 1 1 1 1 1 1 1 1 1 1 1 1 1 1 2 2 3 3 3 3 3 7
Case #678: 21 1 1 1 2 2 2 2 2 2 2 2 2 2 2 2 2 2 2 2 3 3
Case #679: 18 1 1 1 1 1 1 2 2 2 3 3 3 3 3 3 3 3 5
Case #680: 18 1 1 1 1 1 1 1 1 2 2 2 2 2 3 3 3 7 7
Case #681: -1
Case #682: 28 1 1 1 1 1 1 1 1 1 1 1 1 1 1 1 1 1 1 1 1 1 1 1 1 2 2 2 11
Case #683: 27 1 1 1 1 1 1 1 1 1 1 1 1 1 1 1 1 1 1 1 1 1 2 2 3 3 5 5
Case #684: 18 1 1 1 1 1 1 1 1 1 1 1 1 1 2 3 5 7 11
Case #685: 19 1 1 1 1 1 1 1 1 2 2 3 3 3 3 3 3 3 3 5
Case #686: -1
Case #687: 24 1 1 1 1 1 1 1 1 1 1 1 1 1 1 1 1 2 3 3 3 3 3 3 5
Case #688: 27 1 1 1 1 1 1 1 1 1 1 1 1 1 1 1 1 1 1 1 1 1 1 3 3 3 3 7
Case #689: -1
Case #690: 26 1 1 1 1 1 1 1 1 1 1 1 1 1 1 1 1 1 2 2 2 2 2 3 3 3 5
Case #691: 21 1 1 1 1 1 1 1 1 1 1 1 1 2 2 2 2 3 3 5 5 5
Case #692: 21 1 1 1 1 1 1 1 1 1 1 1 1 1 2 2 2 2 5 5 5 5
Case #693: 21 1 1 1 1 1 1 1 1 1 1 1 1 1 1 2 2 3 3 3 3 11
Case #694: 12 1 1 2 2 2 2 2 3 5 7 7 7
Case #695: 22 1 1 1 1 1 1 1 1 1 1 1 1 1 1 1 2 2 2 3 3 7 7
Case #696: 22 1 1 1 1 1 1 1 1 2 2 2 2 2 2 2 2 2 3 3 3 3 3
Case #697: 9 1 1 1 1 1 1 1 3 31
Case #698: 21 1 1 1 1 1 1 1 1 1 1 1 1 1 1 2 2 3 3 5 5 7
Case #699: 16 1 1 1 1 2 2 2 2 2 2 2 2 2 5 7 7
Case #700: 18 1 1 1 1 1 1 1 2 2 2 2 2 3 3 3 5 5 5
Case #701: 11 1 1 1 1 1 1 1 1 2 2 29
Case #702: 22 1 1 1 1 1 1 1 1 1 1 1 1 1 1 1 1 2 2 2 5 7 7
Case #703: 19 1 1 1 1 1 1 1 1 1 1 1 2 2 3 3 3 3 7 7
Case #704: 18 1 1 1 1 2 2 2 2 2 2 2 2 2 2 2 5 5 5
Case #705: 15 1 1 1 2 2 2 2 3 3 3 3 3 3 5 7
Case #706: 15 1 1 1 2 2 2 2 3 3 3 3 3 5 5 5
Case #707: -1
Case #708: 20 1 1 1 1 1 2 2 2 2 2 2 2 2 2 2 2 3 3 3 5
Case #709: 18 1 1 1 1 1 1 1 1 1 1 1 2 2 2 5 5 7 7
Case #710: 7 1 1 1 5 7 7 19
Case #711: -1
Case #712: 20 1 1 1 1 1 1 1 1 1 1 1 1 1 1 2 2 2 3 7 11
Case #713: 38 1 1 1 1 1 1 1 1 1 1 1 1 1 1 1 1 1 1 1 1 1 1 1 1 1 1 1 1 1 1 1 1 1 1 1 2 2 2
Case #714: 15 1 1 1 1 1 1 2 2 2 2 3 3 7 7 7
Case #715: 14 1 1 1 2 2 2 2 2 3 3 3 3 5 11
Case #716: -1
Case #717: 5 1 1 1 19 19
Case #718: 35 1 1 1 1 1 1 1 1 1 1 1 1 1 1 1 1 1 1 1 1 1 1 1 1 1 1 1 1 1 1 1 1 1 1 7
Case #719: 22 1 1 1 1 1 1 1 1 1 1 1 1 1 1 1 1 1 1 1 2 3 17
Case #720: 26 1 1 1 1 1 1 1 1 1 1 1 1 1 1 1 1 1 1 2 2 2 3 3 3 3 5
Case #721: 20 1 1 1 1 1 1 1 1 1 1 1 2 2 2 2 2 2 2 5 11
Case #722: 14 1 1 1 1 1 2 2 2 3 3 3 5 5 11
Case #723: -1
Case #724: 21 1 1 1 1 1 1 2 2 2 2 2 2 2 2 2 2 2 2 3 3 5
Case #725: 16 1 1 1 2 2 2 2 2 2 2 3 3 3 3 5 7
Case #726: -1
Case #727: 17 1 1 1 1 1 1 1 1 1 1 1 1 2 2 7 7 11
Case #728: 15 1 1 1 1 2 2 3 3 3 3 3 3 5 5 5
Case #729: 18 1 1 1 1 1 1 1 1 2 2 2 3 3 3 3 5 5 5
Case #730: 10 1 1 2 2 2 3 5 7 7 11
Case #731: 17 1 1 1 1 1 1 1 1 2 2 2 2 3 3 5 7 7
Case #732: -1
Case #733: 16 1 1 1 1 1 1 1 1 1 1 2 3 3 5 7 11
Case #734: 3 5 17 19
Case #735: 33 1 1 1 1 1 1 1 1 1 1 1 1 1 1 1 1 1 1 1 1 1 1 1 1 1 1 1 1 1 3 3 3 3
Case #736: 29 1 1 1 1 1 1 1 1 1 1 1 1 1 1 1 1 1 1 2 2 2 2 2 2 2 2 2 2 3
Case #737: -1
Case #738: 16 1 1 1 1 1 1 1 1 2 2 2 3 3 3 5 13
Case #739: -1
Case #740: 20 1 1 1 1 1 1 1 1 1 1 2 2 2 2 2 2 2 3 7 7
Case #741: -1
Case #742: 23 1 1 1 1 1 1 1 1 1 1 2 2 2 2 2 2 2 2 3 3 3 3 3
Case #743: 21 1 1 1 1 1 1 1 1 1 2 2 2 2 2 2 2 2 3 3 3 7
Case #744: 29 1 1 1 1 1 1 1 1 1 1 1 1 1 1 1 1 1 1 1 2 2 2 2 2 2 2 2 3 3
Case #745: 21 1 1 1 1 1 1 1 1 1 1 1 2 2 2 2 2 2 2 2 3 11
Case #746: 33 1 1 1 1 1 1 1 1 1 1 1 1 1 1 1 1 1 1 1 1 1 1 1 1 1 1 1 1 1 2 2 3 5
Case #747: 22 1 1 1 2 2 2 2 2 2 2 2 2 2 2 2 2 2 2 2 2 2 2
Case #748: 16 1 1 1 1 1 1 1 1 1 2 2 2 5 5 5 11
Case #749: 19 1 1 1 1 1 1 1 2 2 2 2 2 2 3 3 3 3 5 5
Case #750: 25 1 1 1 1 1 1 1 1 1 2 2 2 2 2 2 2 2 2 2 2 2 2 2 2 2
Case #751: 10 1 1 2 2 2 3 5 5 7 13
Case #752: 17 1 1 1 1 1 1 1 1 1 2 2 3 3 3 3 5 11
Case #753: 27 1 1 1 1 1 1 1 1 1 1 1 1 1 1 1 1 1 1 1 1 1 3 3 3 3 3 5
Case #754: 22 1 1 1 1 1 1 1 1 1 1 1 1 1 1 1 2 2 2 5 5 5 5
Case #755: 19 1 1 1 1 1 1 1 1 1 1 1 1 2 2 2 2 3 7 11
Case #756: 35 1 1 1 1 1 1 1 1 1 1 1 1 1 1 1 1 1 1 1 1 1 1 1 1 1 1 1 1 1 1 2 2 2 2 3
Case #757: 20 1 1 1 1 1 1 2 2 2 2 2 2 2 3 3 3 3 3 3 3
Case #758: 22 1 1 1 1 1 1 2 2 2 2 2 2 2 2 2 2 2 2 2 2 2 5
Case #759: 33 1 1 1 1 1 1 1 1 1 1 1 1 1 1 1 1 1 1 1 1 1 1 1 1 1 1 1 1 2 2 3 3 3
Case #760: -1
Case #761: -1
Case #762: 28 1 1 1 1 1 1 1 1 1 1 1 1 1 1 1 1 1 1 1 1 1 2 2 2 2 2 3 7
Case #763: 17 1 1 1 2 2 2 2 2 2 2 2 2 2 3 3 5 7
Case #764: 20 1 1 1 1 1 1 1 1 1 1 2 2 2 3 3 3 3 3 3 7
Case #765: -1
Case #766: 19 1 1 1 1 1 2 2 2 2 2 2 2 2 2 2 3 3 3 7
Case #767: 23 1 1 1 1 1 1 1 1 1 1 1 1 1 1 2 2 2 2 2 2 5 5 5
Case #768: 16 1 1 1 1 1 2 2 2 2 2 3 3 5 5 5 5
Case #769: -1
Case #770: 19 1 1 1 1 1 2 2 2 2 2 2 2 2 2 2 3 3 5 5
Case #771: 16 1 1 1 1 2 2 2 2 2 2 2 3 3 5 5 7
Case #772: 17 1 1 1 1 1 1 1 1 1 1 2 2 3 3 7 7 7
Case #773: -1
Case #774: 15 1 1 1 1 2 2 2 2 2 2 2 2 5 5 11
Case #775: 18 1 1 1 1 1 1 1 1 1 1 2 3 3 3 3 3 7 7
Case #776: 16 1 1 1 1 1 2 2 2 2 2 3 3 3 3 3 11
Case #777: 8 1 1 2 2 2 3 13 17
Case #778: 15 1 1 1 1 1 1 1 1 1 2 2 2 2 7 17
Case #779: 16 1 1 1 1 1 2 2 2 2 2 2 2 3 5 7 7
Case #780: 34 1 1 1 1 1 1 1 1 1 1 1 1 1 1 1 1 1 1 1 1 1 1 1 1 1 1 1 1 2 2 2 2 2 3
Case #781: 17 1 1 1 1 2 2 2 2 2 2 2 2 2 2 3 7 7
Case #782: 24 1 1 1 1 1 1 1 1 1 1 1 1 1 1 1 1 2 2 2 3 3 3 3 7
Case #783: 19 1 1 1 1 1 1 1 2 2 2 2 2 2 2 2 2 2 3 11
Case #784: 21 1 1 1 1 1 1 1 1 1 1 1 1 1 1 1 1 1 1 1 5 17
Case #785: 27 1 1 1 1 1 1 1 1 1 1 1 1 1 1 1 1 1 1 1 1 2 2 3 3 3 3 5
Case #786: -1
Case #787: 26 1 1 1 1 1 1 1 1 1 1 1 1 1 1 2 2 2 2 2 2 2 2 2 2 2 5
Case #788: -1
Case #789: 17 1 1 1 1 2 2 2 2 2 2 3 3 3 3 3 5 5
Case #790: 25 1 1 1 1 1 1 1 1 1 1 1 1 1 2 2 2 2 2 2 2 2 3 3 3 3
Case #791: 15 1 1 1 1 1 1 1 1 2 2 2 2 7 7 11
Case #792: 30 1 1 1 1 1 1 1 1 1 1 1 1 1 1 1 1 1 1 1 1 1 1 2 2 2 2 2 3 3 3
Case #793: 21 1 1 1 1 1 1 1 1 1 1 1 1 1 1 1 3 3 5 5 5 5
Case #794: 20 1 1 1 1 1 1 1 1 1 1 1 1 1 2 3 3 3 3 7 7
Case #795: 17 1 1 1 1 1 1 1 1 2 2 2 2 2 2 7 7 7
Case #796: 10 1 1 1 1 2 3 3 5 11 13
Case #797: -1
Case #798: 21 1 1 1 1 1 1 1 1 1 1 1 1 1 1 2 2 2 2 3 5 11
Case #799: 16 1 1 1 1 1 1 2 3 3 3 3 3 3 5 5 5
Case #800: -1
Case #801: 16 1 1 1 1 2 2 2 2 2 2 2 3 3 3 7 7
Case #802: 23 1 1 1 1 1 1 1 1 1 1 1 1 1 1 1 2 2 3 3 3 3 5 5
Case #803: 17 1 1 1 1 1 1 1 1 2 2 3 3 3 3 3 7 7
Case #804: 16 1 1 1 2 2 2 2 2 2 2 3 3 3 5 5 5
Case #805: -1
Case #806: 26 1 1 1 1 1 1 1 1 1 1 1 1 1 1 1 1 1 1 1 2 2 2 3 3 5 5
Case #807: 15 1 1 1 1 1 2 2 3 3 3 3 3 5 5 7
Case #808: 24 1 1 1 1 1 1 1 1 1 1 1 1 1 1 1 2 2 2 2 2 2 2 5 7
Case #809: -1
Case #810: -1
Case #811: 11 1 1 1 1 1 2 2 3 3 7 19
Case #812: 39 1 1 1 1 1 1 1 1 1 1 1 1 1 1 1 1 1 1 1 1 1 1 1 1 1 1 1 1 1 1 1 1 1 1 1 1 1 1 3
Case #813: -1
Case #814: 21 1 1 1 1 1 1 1 1 1 1 1 1 2 2 3 3 3 3 3 5 5
Case #815: 20 1 1 1 2 2 2 2 2 2 2 2 2 2 2 2 2 2 2 3 5
Case #816: -1
Case #817: 18 1 1 1 1 1 1 1 1 2 2 2 3 3 3 3 3 5 7
Case #818: 24 1 1 1 1 1 1 1 1 1 1 2 2 2 2 2 2 2 2 2 2 2 3 3 3
Case #819: 17 1 1 1 1 1 1 2 2 2 2 2 2 3 3 5 5 7
Case #820: 19 1 1 1 1 1 1 1 1 1 1 1 1 2 2 3 5 5 5 7
Case #821: 9 1 1 2 2 2 2 3 11 17
Case #822: 13 1 1 1 1 1 1 2 2 3 3 3 5 17
Case #823: -1
Case #824: -1
Case #825: 22 1 1 1 1 1 1 1 1 1 1 1 2 2 2 2 2 2 2 3 3 5 5
Case #826: 17 1 1 1 1 1 1 1 1 2 2 3 3 3 5 5 5 5
Case #827: 29 1 1 1 1 1 1 1 1 1 1 1 1 1 1 1 1 1 1 1 1 2 2 2 2 2 2 3 3 3
Case #828: 20 1 1 1 1 2 2 2 2 2 2 2 2 2 2 2 2 2 3 3 5
Case #829: 13 1 1 1 1 1 1 2 2 3 3 5 7 13
Case #830: 23 1 1 1 1 1 1 1 1 1 1 2 2 2 2 2 2 2 2 2 2 3 3 5
Case #831: 12 1 1 1 1 1 1 1 1 1 1 2 29
Case #832: 13 1 1 1 1 1 1 1 1 1 1 7 11 13
Case #833: 21 1 1 1 1 1 1 1 1 1 1 1 1 1 1 1 1 1 1 1 3 19
Case #834: 11 1 1 1 1 1 1 1 1 1 1 31
Case #835: 32 1 1 1 1 1 1 1 1 1 1 1 1 1 1 1 1 1 1 1 1 1 1 1 1 1 2 2 2 2 2 3 3
Case #836: 25 1 1 1 1 1 1 1 1 1 1 1 1 1 1 2 2 2 2 2 2 3 3 3 3 3
Case #837: 20 1 1 1 1 1 1 1 1 2 2 2 3 3 3 3 3 3 3 3 3
Case #838: 21 1 1 1 1 1 1 1 1 1 1 1 1 1 2 2 2 2 3 5 5 7
Case #839: 10 1 1 1 1 1 2 3 3 5 23
Case #840: 36 1 1 1 1 1 1 1 1 1 1 1 1 1 1 1 1 1 1 1 1 1 1 1 1 1 1 1 1 1 1 1 1 2 2 2 3
Case #841: 33 1 1 1 1 1 1 1 1 1 1 1 1 1 1 1 1 1 1 1 1 1 1 1 1 1 1 1 1 1 1 1 5 5
Case #842: 20 1 1 1 1 1 1 1 1 1 1 1 1 2 2 2 2 2 3 5 11
Case #843: 27 1 1 1 1 1 1 1 1 1 1 1 1 1 1 1 1 1 1 2 2 2 2 3 3 3 3 3
Case #844: -1
Case #845: -1
Case #846: 16 1 1 1 1 1 2 2 2 3 3 3 3 3 5 5 5
Case #847: 26 1 1 1 1 1 1 1 1 1 1 1 1 2 2 2 2 2 2 2 2 2 2 2 2 2 3
Case #848: 18 1 1 1 1 1 1 1 1 1 2 2 2 3 3 5 5 5 5
Case #849: 20 1 1 1 1 1 1 2 2 2 2 2 2 2 2 2 3 3 3 3 5
Case #850: 32 1 1 1 1 1 1 1 1 1 1 1 1 1 1 1 1 1 1 1 1 1 1 1 1 1 1 1 1 1 2 3 7
Case #851: -1
Case #852: -1
Case #853: 23 1 1 1 1 1 1 1 1 1 1 1 1 1 1 1 2 2 2 2 3 5 5 5
Case #854: 21 1 1 1 1 1 1 1 1 1 1 1 2 2 2 2 3 3 3 3 3 7
Case #855: 28 1 1 1 1 1 1 1 1 1 1 1 1 1 1 1 1 1 1 1 2 2 2 2 2 2 2 3 5
Case #856: -1
Case #857: 22 1 1 1 1 1 1 1 1 1 1 2 2 2 2 2 2 2 2 2 3 3 7
Case #858: 17 1 1 1 1 2 2 2 2 2 2 2 2 3 3 3 5 7
Case #859: 25 1 1 1 1 1 1 1 1 1 1 1 1 1 1 1 1 1 1 1 1 1 1 3 3 13
Case #860: 14 1 1 1 1 1 1 2 2 2 3 3 3 3 17
Case #861: 22 1 1 1 1 1 1 1 1 1 1 2 2 2 2 2 3 3 3 3 3 3 3
Case #862: 20 1 1 1 1 1 1 1 1 1 1 1 1 1 2 3 3 3 5 5 7
Case #863: -1
Case #864: 23 1 1 1 1 1 1 1 1 1 1 1 1 1 1 1 1 1 1 1 1 2 2 17
Case #865: 35 1 1 1 1 1 1 1 1 1 1 1 1 1 1 1 1 1 1 1 1 1 1 1 1 1 1 1 1 1 1 1 2 2 3 3
Case #866: 23 1 1 1 1 1 1 1 1 1 1 1 1 1 1 1 1 1 2 2 3 3 7 7
Case #867: 18 1 1 1 1 1 1 2 2 2 2 2 2 2 2 2 3 7 7
Case #868: 26 1 1 1 1 1 1 1 1 1 1 1 1 1 1 1 1 1 1 1 1 1 1 1 2 3 13
Case #869: 13 1 1 2 2 2 2 2 2 3 5 5 7 7
Case #870: 17 1 1 1 1 1 1 1 2 2 2 2 3 3 3 5 5 7
Case #871: 20 1 1 1 1 1 1 1 1 1 1 1 1 1 2 3 3 3 3 3 11
Case #872: 16 1 1 1 1 1 1 2 2 2 2 2 3 3 5 7 7
Case #873: 19 1 1 1 1 1 1 2 2 2 2 2 2 2 2 3 3 3 3 7
Case #874: 14 1 1 1 1 1 1 2 2 2 5 5 5 7 7
Case #875: 20 1 1 1 1 1 1 1 1 2 2 2 2 2 2 2 2 2 3 5 7
Case #876: 16 1 1 1 1 1 1 1 1 1 1 2 2 2 7 7 11
Case #877: 26 1 1 1 1 1 1 1 1 1 1 1 1 1 1 1 1 1 1 2 2 2 2 2 3 3 7
Case #878: -1
Case #879: 13 1 1 1 1 2 2 2 2 2 2 5 7 13
Case #880: 13 1 1 1 1 1 2 2 3 3 5 5 5 11
Case #881: 25 1 1 1 1 1 1 1 1 1 1 1 1 1 1 1 1 1 2 2 2 2 3 3 5 5
Case #882: 14 1 1 1 2 2 2 2 2 2 2 3 3 5 13
Case #883: 12 1 1 1 2 2 2 3 3 5 5 5 11
Case #884: -1
Case #885: 24 1 1 1 1 1 1 1 1 2 2 2 2 2 2 2 2 2 2 2 2 2 2 2 3
Case #886: 14 1 1 1 2 3 3 3 3 3 3 3 5 5 5
Case #887: 12 1 1 1 1 2 2 2 3 7 7 7 7
Case #888: 22 1 1 1 1 1 1 1 1 1 2 2 2 2 2 2 2 3 3 3 3 3 3
Case #889: 11 1 1 1 1 2 2 2 2 3 3 23
Case #890: 23 1 1 1 1 1 1 1 1 1 1 1 1 1 2 2 2 2 3 3 3 3 3 5
Case #891: 20 1 1 1 1 1 1 1 1 2 2 2 2 2 2 2 3 3 3 5 5
Case #892: 29 1 1 1 1 1 1 1 1 1 1 1 1 1 1 1 1 1 1 1 1 1 1 1 1 1 1 1 7 7
Case #893: 20 1 1 1 1 1 1 1 1 1 2 2 2 3 3 3 3 3 3 3 5
Case #894: 19 1 1 1 1 1 1 2 2 2 2 3 3 3 3 3 3 3 3 3
Case #895: 18 1 1 1 1 1 2 2 2 2 2 2 2 3 3 3 3 3 7
Case #896: 20 1 1 1 1 1 2 2 2 2 2 2 2 2 2 3 3 3 3 3 3
Case #897: -1
Case #898: -1
Case #899: -1
Case #900: 17 1 1 1 1 1 2 2 2 2 2 2 2 2 2 2 3 13
Case #901: 12 1 1 1 1 1 2 3 3 5 5 5 13
Case #902: 3 11 13 17
Case #903: 5 1 1 1 1 37
Case #904: 17 1 1 1 1 1 2 2 2 2 3 3 3 3 3 3 5 5
Case #905: 21 1 1 1 1 1 1 1 1 1 1 2 2 2 2 2 2 2 2 3 5 7
Case #906: 15 1 1 1 1 1 2 2 2 2 3 3 3 3 5 11
Case #907: 15 1 1 1 1 1 2 2 3 3 3 3 5 5 5 5
Case #908: 21 1 1 1 1 2 2 2 2 2 2 2 2 2 2 2 2 2 2 2 2 5
Case #909: 14 1 1 1 1 1 2 2 2 2 2 2 2 3 19
Case #910: 21 1 1 1 1 1 1 1 1 1 1 1 1 1 1 1 1 2 2 5 5 11
Case #911: 27 1 1 1 1 1 1 1 1 1 1 1 1 1 1 1 1 1 1 1 1 2 2 2 2 3 3 7
Case #912: 16 1 1 1 1 1 1 1 2 3 3 3 3 3 5 5 7
Case #913: 26 1 1 1 1 1 1 1 1 1 1 1 1 1 1 1 2 2 2 2 2 2 2 3 3 3 3
Case #914: 29 1 1 1 1 1 1 1 1 1 1 1 1 1 1 1 1 1 1 1 1 1 1 1 1 1 3 3 3 7
Case #915: 13 1 1 1 1 1 2 2 3 3 3 5 7 11
Case #916: 25 1 1 1 1 1 1 1 1 1 1 1 1 1 1 1 1 1 1 1 3 3 3 3 5 5
Case #917: 23 1 1 1 1 1 1 1 1 1 1 1 1 1 1 1 1 1 2 2 3 5 5 7
Case #918: -1
Case #919: 23 1 1 1 1 1 1 1 1 1 1 1 1 1 1 1 1 2 2 3 3 3 5 7
Case #920: -1
Case #921: 29 1 1 1 1 1 1 1 1 1 1 1 1 1 1 1 1 1 1 1 1 1 1 1 1 2 2 3 5 5
Case #922: 18 1 1 1 1 1 1 1 1 1 1 2 2 2 3 3 3 3 13
Case #923: 24 1 1 1 1 1 1 1 1 1 1 1 1 1 1 2 2 2 2 2 2 2 3 3 7
Case #924: -1
Case #925: 22 1 1 1 1 2 2 2 2 2 2 2 2 2 2 2 2 2 2 2 2 2 3
Case #926: -1
Case #927: 20 1 1 1 1 1 1 1 1 2 2 2 2 2 2 2 3 3 3 3 7
Case #928: 25 1 1 1 1 1 1 1 1 1 1 1 1 1 1 1 1 1 1 2 2 3 3 3 3 7
Case #929: 26 1 1 1 1 1 1 1 1 1 1 1 1 1 1 1 1 1 1 1 1 2 3 3 3 3 7
Case #930: -1
Case #931: 19 1 1 1 1 1 1 1 1 1 2 2 2 2 2 2 3 3 3 11
Case #932: 22 1 1 1 1 1 1 1 1 1 1 1 1 2 2 2 2 2 2 2 5 5 5
Case #933: 14 1 1 1 1 1 1 2 3 3 3 3 5 5 11
Case #934: 18 1 1 1 1 1 1 1 1 1 1 1 1 2 3 3 3 5 13
Case #935: 22 1 1 1 1 1 1 1 1 1 1 1 1 1 1 1 2 3 3 3 5 5 5
Case #936: 17 1 1 1 1 1 1 1 1 1 2 2 2 2 2 2 7 13
Case #937: 18 1 1 1 1 2 2 2 2 2 2 2 2 2 3 3 3 5 5
Case #938: 21 1 1 1 1 1 1 1 1 1 1 1 2 2 3 3 3 3 3 3 3 5
Case #939: 24 1 1 1 1 1 1 1 1 1 2 2 2 2 2 2 2 2 2 2 2 2 2 3 3
Case #940: 33 1 1 1 1 1 1 1 1 1 1 1 1 1 1 1 1 1 1 1 1 1 1 1 1 1 1 2 2 2 2 2 2 3
Case #941: 18 1 1 1 2 2 2 2 2 2 2 2 2 3 3 3 3 3 5
Case #942: 18 1 1 1 1 1 2 2 2 3 3 3 3 3 3 3 3 3 3
Case #943: -1
Case #944: 13 1 1 2 2 2 2 2 2 2 2 3 7 13
Case #945: 18 1 1 1 1 1 1 1 1 1 2 2 2 3 3 3 3 7 7
Case #946: 13 1 1 1 1 2 2 3 3 3 3 5 5 11
Case #947: -1
Case #948: 23 1 1 1 1 1 1 1 1 1 1 1 1 1 1 1 2 2 2 2 3 3 5 7
Case #949: 18 1 1 2 2 2 2 2 2 2 2 2 2 2 2 2 3 5 5
Case #950: 15 1 1 1 1 2 2 2 2 2 2 3 5 5 5 7
Case #951: -1
Case #952: 11 1 1 2 2 2 2 2 2 3 7 17
Case #953: 17 1 1 1 2 2 2 2 2 2 3 3 3 3 3 3 3 5
Case #954: 22 1 1 1 1 1 1 1 1 1 1 1 1 1 2 2 2 3 3 3 3 5 5
Case #955: -1
Case #956: 14 1 1 2 2 2 2 2 2 2 2 2 3 7 11
Case #957: 23 1 1 1 1 1 1 1 1 1 1 1 2 2 2 2 2 2 2 2 2 2 5 5
Case #958: -1
Case #959: 18 1 1 1 1 1 2 2 2 2 2 3 3 3 3 3 3 3 5
Case #960: 23 1 1 1 1 1 1 1 1 2 2 2 2 2 2 2 2 2 2 2 2 3 3 3
Case #961: 17 1 1 1 1 1 1 1 1 2 2 2 2 3 5 5 5 7
Case #962: 14 1 1 1 1 1 2 2 2 2 2 5 7 7 7
Case #963: 22 1 1 1 1 1 1 1 1 1 1 1 2 2 2 2 2 3 3 3 3 3 5
Case #964: 22 1 1 1 1 1 1 1 1 1 1 1 1 1 1 2 2 2 2 2 3 7 7
Case #965: 23 1 1 1 1 1 1 1 1 1 2 2 2 2 2 2 2 2 2 2 3 3 3 3
